Level	Date and Time	Source	Event ID	Task Category
Information	20-05-2025 15:11:11	Microsoft-Windows-Sysmon	11	File created (rule: FileCreate)	"File created:
RuleName: Downloads
UtcTime: 2025-05-20 09:41:11.012
ProcessGuid: {2bd09a4a-4d79-682c-2101-000000002300}
ProcessId: 5720
Image: C:\Windows\Explorer.EXE
TargetFilename: C:\Users\mohan\Downloads\dummy.bat
CreationUtcTime: 2025-05-20 09:41:11.012
User: DESKTOP-L7UOH9E\mohan"
Information	20-05-2025 15:01:24	Microsoft-Windows-Sysmon	11	File created (rule: FileCreate)	"File created:
RuleName: -
UtcTime: 2025-05-20 09:31:24.766
ProcessGuid: {2bd09a4a-4beb-682c-bf00-000000002300}
ProcessId: 5476
Image: C:\Windows\SysWOW64\WindowsPowerShell\v1.0\powershell.exe
TargetFilename: C:\Windows\SystemTemp\__PSScriptPolicyTest_xakhaja5.wep.ps1
CreationUtcTime: 2025-05-20 09:31:24.766
User: NT AUTHORITY\SYSTEM"
Information	20-05-2025 15:01:01	Microsoft-Windows-Sysmon	11	File created (rule: FileCreate)	"File created:
RuleName: -
UtcTime: 2025-05-20 09:30:55.422
ProcessGuid: {2bd09a4a-4bce-682c-4200-000000002300}
ProcessId: 2744
Image: C:\Windows\system32\svchost.exe
TargetFilename: C:\Windows\System32\wbem\Repository\WRITABLE.TST
CreationUtcTime: 2025-05-20 09:30:55.422
User: NT AUTHORITY\SYSTEM"
Information	20-05-2025 15:01:00	Microsoft-Windows-Sysmon	11	File created (rule: FileCreate)	"File created:
RuleName: T1053
UtcTime: 2025-05-20 09:30:48.392
ProcessGuid: {2bd09a4a-4bc8-682c-1b00-000000002300}
ProcessId: 1380
Image: C:\Windows\system32\svchost.exe
TargetFilename: C:\Windows\Tasks\SA.DAT
CreationUtcTime: 2025-03-30 05:23:04.934
User: NT AUTHORITY\SYSTEM"
Information	20-05-2025 14:47:35	Microsoft-Windows-Sysmon	11	File created (rule: FileCreate)	"File created:
RuleName: -
UtcTime: 2025-05-20 09:17:35.051
ProcessGuid: {2bd09a4a-48ae-682c-c200-000000002200}
ProcessId: 5872
Image: C:\Windows\SysWOW64\WindowsPowerShell\v1.0\powershell.exe
TargetFilename: C:\Windows\SystemTemp\__PSScriptPolicyTest_pcwxoen3.nv3.ps1
CreationUtcTime: 2025-05-20 09:17:35.051
User: NT AUTHORITY\SYSTEM"
Information	20-05-2025 14:47:08	Microsoft-Windows-Sysmon	11	File created (rule: FileCreate)	"File created:
RuleName: -
UtcTime: 2025-05-20 09:16:57.442
ProcessGuid: {2bd09a4a-4888-682c-4100-000000002200}
ProcessId: 2688
Image: C:\Windows\system32\svchost.exe
TargetFilename: C:\Windows\System32\wbem\Repository\WRITABLE.TST
CreationUtcTime: 2025-05-20 09:16:57.442
User: NT AUTHORITY\SYSTEM"
Information	20-05-2025 14:47:07	Microsoft-Windows-Sysmon	11	File created (rule: FileCreate)	"File created:
RuleName: T1053
UtcTime: 2025-05-20 09:16:52.612
ProcessGuid: {2bd09a4a-4884-682c-1a00-000000002200}
ProcessId: 1304
Image: C:\Windows\system32\svchost.exe
TargetFilename: C:\Windows\Tasks\SA.DAT
CreationUtcTime: 2025-03-30 05:23:04.934
User: NT AUTHORITY\SYSTEM"
Information	20-05-2025 14:19:46	Microsoft-Windows-Sysmon	11	File created (rule: FileCreate)	"File created:
RuleName: -
UtcTime: 2025-05-20 08:49:46.038
ProcessGuid: {2bd09a4a-4228-682c-9d01-000000002100}
ProcessId: 3748
Image: C:\Windows\system32\DrvInst.exe
TargetFilename: C:\Windows\System32\drivers\Msft_User_WpdFs_01_11_00.Wdf
CreationUtcTime: 2025-05-20 08:49:46.038
User: NT AUTHORITY\SYSTEM"
Information	20-05-2025 14:19:44	Microsoft-Windows-Sysmon	11	File created (rule: FileCreate)	"File created:
RuleName: -
UtcTime: 2025-05-20 08:49:44.735
ProcessGuid: {2bd09a4a-4228-682c-9d01-000000002100}
ProcessId: 3748
Image: C:\Windows\system32\DrvInst.exe
TargetFilename: C:\Windows\System32\DriverStore\FileRepository\wpdfs.inf_amd64_b8c9b6d9bf8b81b7\wpdfs.PNF
CreationUtcTime: 2025-05-20 08:49:44.735
User: NT AUTHORITY\SYSTEM"
Information	20-05-2025 14:14:31	Microsoft-Windows-Sysmon	11	File created (rule: FileCreate)	"File created:
RuleName: DLL
UtcTime: 2025-05-20 08:44:31.007
ProcessGuid: {2bd09a4a-3e7c-682c-5300-000000002100}
ProcessId: 3260
Image: C:\ProgramData\Microsoft\Windows Defender\Platform\4.18.25030.2-0\MsMpEng.exe
TargetFilename: C:\ProgramData\Microsoft\Windows Defender\Definition Updates\{0249DCF7-73DB-4FCB-9B82-BBCE8D3D3D27}\mpengine.dll
CreationUtcTime: 2025-05-20 08:44:31.007
User: NT AUTHORITY\SYSTEM"
Information	20-05-2025 14:14:30	Microsoft-Windows-Sysmon	11	File created (rule: FileCreate)	"File created:
RuleName: EXE
UtcTime: 2025-05-20 08:44:30.022
ProcessGuid: {2bd09a4a-3e81-682c-6100-000000002100}
ProcessId: 3416
Image: C:\Windows\system32\svchost.exe
TargetFilename: C:\Windows\SoftwareDistribution\Download\Install\AM_Delta_Patch_1.429.81.0.exe
CreationUtcTime: 2025-05-20 08:44:30.022
User: NT AUTHORITY\SYSTEM"
Information	20-05-2025 14:04:50	Microsoft-Windows-Sysmon	11	File created (rule: FileCreate)	"File created:
RuleName: -
UtcTime: 2025-05-20 08:34:50.680
ProcessGuid: {2bd09a4a-3ea8-682c-be00-000000002100}
ProcessId: 5996
Image: C:\Windows\SysWOW64\WindowsPowerShell\v1.0\powershell.exe
TargetFilename: C:\Windows\SystemTemp\__PSScriptPolicyTest_eugxhdcc.4zn.ps1
CreationUtcTime: 2025-05-20 08:34:50.680
User: NT AUTHORITY\SYSTEM"
Information	20-05-2025 14:04:16	Microsoft-Windows-Sysmon	11	File created (rule: FileCreate)	"File created:
RuleName: -
UtcTime: 2025-05-20 08:34:08.680
ProcessGuid: {2bd09a4a-3e7c-682c-4900-000000002100}
ProcessId: 2256
Image: C:\Windows\system32\svchost.exe
TargetFilename: C:\Windows\System32\wbem\Repository\WRITABLE.TST
CreationUtcTime: 2025-05-20 08:34:08.680
User: NT AUTHORITY\SYSTEM"
Information	20-05-2025 14:04:15	Microsoft-Windows-Sysmon	11	File created (rule: FileCreate)	"File created:
RuleName: T1053
UtcTime: 2025-05-20 08:33:59.258
ProcessGuid: {2bd09a4a-3e77-682c-1b00-000000002100}
ProcessId: 1368
Image: C:\Windows\system32\svchost.exe
TargetFilename: C:\Windows\Tasks\SA.DAT
CreationUtcTime: 2025-03-30 05:23:04.934
User: NT AUTHORITY\SYSTEM"
Information	20-05-2025 11:54:00	Microsoft-Windows-Sysmon	11	File created (rule: FileCreate)	"File created:
RuleName: -
UtcTime: 2025-05-20 06:24:00.507
ProcessGuid: {2bd09a4a-2000-682c-7c04-000000002000}
ProcessId: 3564
Image: C:\Windows\System32\WindowsPowerShell\v1.0\powershell.exe
TargetFilename: C:\Users\mohan\AppData\Local\Temp\__PSScriptPolicyTest_hpph3bbj.mmg.ps1
CreationUtcTime: 2025-05-20 06:24:00.507
User: DESKTOP-L7UOH9E\mohan"
Information	20-05-2025 11:53:55	Microsoft-Windows-Sysmon	11	File created (rule: FileCreate)	"File created:
RuleName: -
UtcTime: 2025-05-20 06:23:55.088
ProcessGuid: {2bd09a4a-1ffa-682c-7b04-000000002000}
ProcessId: 8244
Image: C:\Windows\System32\WindowsPowerShell\v1.0\powershell.exe
TargetFilename: C:\Users\mohan\AppData\Local\Temp\__PSScriptPolicyTest_5hfenuaj.kde.ps1
CreationUtcTime: 2025-05-20 06:23:55.088
User: DESKTOP-L7UOH9E\mohan"
Information	20-05-2025 11:37:24	Microsoft-Windows-Sysmon	11	File created (rule: FileCreate)	"File created:
RuleName: DLL
UtcTime: 2025-05-20 06:07:24.947
ProcessGuid: {2bd09a4a-1c17-682c-1304-000000002000}
ProcessId: 452
Image: C:\Windows\Microsoft.NET\Framework\v4.0.30319\mscorsvw.exe
TargetFilename: C:\Windows\assembly\NativeImages_v4.0.30319_32\Temp\1c4-0\Microsoft.Security.ApplicationId.PolicyManagement.Cmdlets.dll
CreationUtcTime: 2025-05-20 06:07:24.947
User: NT AUTHORITY\SYSTEM"
Information	20-05-2025 11:37:18	Microsoft-Windows-Sysmon	11	File created (rule: FileCreate)	"File created:
RuleName: DLL
UtcTime: 2025-05-20 06:07:18.828
ProcessGuid: {2bd09a4a-1c16-682c-1004-000000002000}
ProcessId: 8588
Image: C:\Windows\Microsoft.NET\Framework64\v4.0.30319\mscorsvw.exe
TargetFilename: C:\Windows\assembly\NativeImages_v4.0.30319_64\Temp\218c-0\Microsoft.Security.ApplicationId.PolicyManagement.Cmdlets.dll
CreationUtcTime: 2025-05-20 06:07:18.828
User: NT AUTHORITY\SYSTEM"
Information	20-05-2025 11:37:10	Microsoft-Windows-Sysmon	11	File created (rule: FileCreate)	"File created:
RuleName: DLL
UtcTime: 2025-05-20 06:07:10.933
ProcessGuid: {2bd09a4a-1c0c-682c-db03-000000002000}
ProcessId: 3028
Image: C:\Windows\system32\cleanmgr.exe
TargetFilename: C:\Users\mohan\AppData\Local\Temp\2E8A35B3-0EBB-4E37-B505-3CF66FAB53B0\WimProvider.dll
CreationUtcTime: 2025-05-20 06:07:10.933
User: DESKTOP-L7UOH9E\mohan"
Information	20-05-2025 11:37:10	Microsoft-Windows-Sysmon	11	File created (rule: FileCreate)	"File created:
RuleName: DLL
UtcTime: 2025-05-20 06:07:10.933
ProcessGuid: {2bd09a4a-1c0c-682c-db03-000000002000}
ProcessId: 3028
Image: C:\Windows\system32\cleanmgr.exe
TargetFilename: C:\Users\mohan\AppData\Local\Temp\2E8A35B3-0EBB-4E37-B505-3CF66FAB53B0\VhdProvider.dll
CreationUtcTime: 2025-05-20 06:07:10.933
User: DESKTOP-L7UOH9E\mohan"
Information	20-05-2025 11:37:10	Microsoft-Windows-Sysmon	11	File created (rule: FileCreate)	"File created:
RuleName: DLL
UtcTime: 2025-05-20 06:07:10.933
ProcessGuid: {2bd09a4a-1c0c-682c-db03-000000002000}
ProcessId: 3028
Image: C:\Windows\system32\cleanmgr.exe
TargetFilename: C:\Users\mohan\AppData\Local\Temp\2E8A35B3-0EBB-4E37-B505-3CF66FAB53B0\UnattendProvider.dll
CreationUtcTime: 2025-05-20 06:07:10.933
User: DESKTOP-L7UOH9E\mohan"
Information	20-05-2025 11:37:10	Microsoft-Windows-Sysmon	11	File created (rule: FileCreate)	"File created:
RuleName: DLL
UtcTime: 2025-05-20 06:07:10.763
ProcessGuid: {2bd09a4a-1c0c-682c-db03-000000002000}
ProcessId: 3028
Image: C:\Windows\system32\cleanmgr.exe
TargetFilename: C:\Users\mohan\AppData\Local\Temp\2E8A35B3-0EBB-4E37-B505-3CF66FAB53B0\TransmogProvider.dll
CreationUtcTime: 2025-05-20 06:07:10.763
User: DESKTOP-L7UOH9E\mohan"
Information	20-05-2025 11:37:10	Microsoft-Windows-Sysmon	11	File created (rule: FileCreate)	"File created:
RuleName: DLL
UtcTime: 2025-05-20 06:07:10.763
ProcessGuid: {2bd09a4a-1c0c-682c-db03-000000002000}
ProcessId: 3028
Image: C:\Windows\system32\cleanmgr.exe
TargetFilename: C:\Users\mohan\AppData\Local\Temp\2E8A35B3-0EBB-4E37-B505-3CF66FAB53B0\SysprepProvider.dll
CreationUtcTime: 2025-05-20 06:07:10.763
User: DESKTOP-L7UOH9E\mohan"
Information	20-05-2025 11:37:10	Microsoft-Windows-Sysmon	11	File created (rule: FileCreate)	"File created:
RuleName: DLL
UtcTime: 2025-05-20 06:07:10.763
ProcessGuid: {2bd09a4a-1c0c-682c-db03-000000002000}
ProcessId: 3028
Image: C:\Windows\system32\cleanmgr.exe
TargetFilename: C:\Users\mohan\AppData\Local\Temp\2E8A35B3-0EBB-4E37-B505-3CF66FAB53B0\SmiProvider.dll
CreationUtcTime: 2025-05-20 06:07:10.763
User: DESKTOP-L7UOH9E\mohan"
Information	20-05-2025 11:37:10	Microsoft-Windows-Sysmon	11	File created (rule: FileCreate)	"File created:
RuleName: DLL
UtcTime: 2025-05-20 06:07:10.763
ProcessGuid: {2bd09a4a-1c0c-682c-db03-000000002000}
ProcessId: 3028
Image: C:\Windows\system32\cleanmgr.exe
TargetFilename: C:\Users\mohan\AppData\Local\Temp\2E8A35B3-0EBB-4E37-B505-3CF66FAB53B0\SetupPlatformProvider.dll
CreationUtcTime: 2025-05-20 06:07:10.763
User: DESKTOP-L7UOH9E\mohan"
Information	20-05-2025 11:37:10	Microsoft-Windows-Sysmon	11	File created (rule: FileCreate)	"File created:
RuleName: DLL
UtcTime: 2025-05-20 06:07:10.748
ProcessGuid: {2bd09a4a-1c0c-682c-db03-000000002000}
ProcessId: 3028
Image: C:\Windows\system32\cleanmgr.exe
TargetFilename: C:\Users\mohan\AppData\Local\Temp\2E8A35B3-0EBB-4E37-B505-3CF66FAB53B0\ProvProvider.dll
CreationUtcTime: 2025-05-20 06:07:10.748
User: DESKTOP-L7UOH9E\mohan"
Information	20-05-2025 11:37:10	Microsoft-Windows-Sysmon	11	File created (rule: FileCreate)	"File created:
RuleName: DLL
UtcTime: 2025-05-20 06:07:10.748
ProcessGuid: {2bd09a4a-1c0c-682c-db03-000000002000}
ProcessId: 3028
Image: C:\Windows\system32\cleanmgr.exe
TargetFilename: C:\Users\mohan\AppData\Local\Temp\2E8A35B3-0EBB-4E37-B505-3CF66FAB53B0\OSProvider.dll
CreationUtcTime: 2025-05-20 06:07:10.748
User: DESKTOP-L7UOH9E\mohan"
Information	20-05-2025 11:37:10	Microsoft-Windows-Sysmon	11	File created (rule: FileCreate)	"File created:
RuleName: DLL
UtcTime: 2025-05-20 06:07:10.748
ProcessGuid: {2bd09a4a-1c0c-682c-db03-000000002000}
ProcessId: 3028
Image: C:\Windows\system32\cleanmgr.exe
TargetFilename: C:\Users\mohan\AppData\Local\Temp\2E8A35B3-0EBB-4E37-B505-3CF66FAB53B0\OfflineSetupProvider.dll
CreationUtcTime: 2025-05-20 06:07:10.748
User: DESKTOP-L7UOH9E\mohan"
Information	20-05-2025 11:37:10	Microsoft-Windows-Sysmon	11	File created (rule: FileCreate)	"File created:
RuleName: DLL
UtcTime: 2025-05-20 06:07:10.748
ProcessGuid: {2bd09a4a-1c0c-682c-db03-000000002000}
ProcessId: 3028
Image: C:\Windows\system32\cleanmgr.exe
TargetFilename: C:\Users\mohan\AppData\Local\Temp\2E8A35B3-0EBB-4E37-B505-3CF66FAB53B0\MsiProvider.dll
CreationUtcTime: 2025-05-20 06:07:10.748
User: DESKTOP-L7UOH9E\mohan"
Information	20-05-2025 11:37:10	Microsoft-Windows-Sysmon	11	File created (rule: FileCreate)	"File created:
RuleName: DLL
UtcTime: 2025-05-20 06:07:10.748
ProcessGuid: {2bd09a4a-1c0c-682c-db03-000000002000}
ProcessId: 3028
Image: C:\Windows\system32\cleanmgr.exe
TargetFilename: C:\Users\mohan\AppData\Local\Temp\2E8A35B3-0EBB-4E37-B505-3CF66FAB53B0\LogProvider.dll
CreationUtcTime: 2025-05-20 06:07:10.748
User: DESKTOP-L7UOH9E\mohan"
Information	20-05-2025 11:37:10	Microsoft-Windows-Sysmon	11	File created (rule: FileCreate)	"File created:
RuleName: DLL
UtcTime: 2025-05-20 06:07:10.748
ProcessGuid: {2bd09a4a-1c0c-682c-db03-000000002000}
ProcessId: 3028
Image: C:\Windows\system32\cleanmgr.exe
TargetFilename: C:\Users\mohan\AppData\Local\Temp\2E8A35B3-0EBB-4E37-B505-3CF66FAB53B0\IntlProvider.dll
CreationUtcTime: 2025-05-20 06:07:10.748
User: DESKTOP-L7UOH9E\mohan"
Information	20-05-2025 11:37:10	Microsoft-Windows-Sysmon	11	File created (rule: FileCreate)	"File created:
RuleName: DLL
UtcTime: 2025-05-20 06:07:10.748
ProcessGuid: {2bd09a4a-1c0c-682c-db03-000000002000}
ProcessId: 3028
Image: C:\Windows\system32\cleanmgr.exe
TargetFilename: C:\Users\mohan\AppData\Local\Temp\2E8A35B3-0EBB-4E37-B505-3CF66FAB53B0\ImagingProvider.dll
CreationUtcTime: 2025-05-20 06:07:10.748
User: DESKTOP-L7UOH9E\mohan"
Information	20-05-2025 11:37:10	Microsoft-Windows-Sysmon	11	File created (rule: FileCreate)	"File created:
RuleName: DLL
UtcTime: 2025-05-20 06:07:10.748
ProcessGuid: {2bd09a4a-1c0c-682c-db03-000000002000}
ProcessId: 3028
Image: C:\Windows\system32\cleanmgr.exe
TargetFilename: C:\Users\mohan\AppData\Local\Temp\2E8A35B3-0EBB-4E37-B505-3CF66FAB53B0\IBSProvider.dll
CreationUtcTime: 2025-05-20 06:07:10.748
User: DESKTOP-L7UOH9E\mohan"
Information	20-05-2025 11:37:10	Microsoft-Windows-Sysmon	11	File created (rule: FileCreate)	"File created:
RuleName: DLL
UtcTime: 2025-05-20 06:07:10.748
ProcessGuid: {2bd09a4a-1c0c-682c-db03-000000002000}
ProcessId: 3028
Image: C:\Windows\system32\cleanmgr.exe
TargetFilename: C:\Users\mohan\AppData\Local\Temp\2E8A35B3-0EBB-4E37-B505-3CF66FAB53B0\GenericProvider.dll
CreationUtcTime: 2025-05-20 06:07:10.748
User: DESKTOP-L7UOH9E\mohan"
Information	20-05-2025 11:37:10	Microsoft-Windows-Sysmon	11	File created (rule: FileCreate)	"File created:
RuleName: DLL
UtcTime: 2025-05-20 06:07:10.732
ProcessGuid: {2bd09a4a-1c0c-682c-db03-000000002000}
ProcessId: 3028
Image: C:\Windows\system32\cleanmgr.exe
TargetFilename: C:\Users\mohan\AppData\Local\Temp\2E8A35B3-0EBB-4E37-B505-3CF66FAB53B0\FolderProvider.dll
CreationUtcTime: 2025-05-20 06:07:10.732
User: DESKTOP-L7UOH9E\mohan"
Information	20-05-2025 11:37:10	Microsoft-Windows-Sysmon	11	File created (rule: FileCreate)	"File created:
RuleName: DLL
UtcTime: 2025-05-20 06:07:10.732
ProcessGuid: {2bd09a4a-1c0c-682c-db03-000000002000}
ProcessId: 3028
Image: C:\Windows\system32\cleanmgr.exe
TargetFilename: C:\Users\mohan\AppData\Local\Temp\2E8A35B3-0EBB-4E37-B505-3CF66FAB53B0\FfuProvider.dll
CreationUtcTime: 2025-05-20 06:07:10.732
User: DESKTOP-L7UOH9E\mohan"
Information	20-05-2025 11:37:10	Microsoft-Windows-Sysmon	11	File created (rule: FileCreate)	"File created:
RuleName: DLL
UtcTime: 2025-05-20 06:07:10.716
ProcessGuid: {2bd09a4a-1c0c-682c-db03-000000002000}
ProcessId: 3028
Image: C:\Windows\system32\cleanmgr.exe
TargetFilename: C:\Users\mohan\AppData\Local\Temp\2E8A35B3-0EBB-4E37-B505-3CF66FAB53B0\DmiProvider.dll
CreationUtcTime: 2025-05-20 06:07:10.716
User: DESKTOP-L7UOH9E\mohan"
Information	20-05-2025 11:37:10	Microsoft-Windows-Sysmon	11	File created (rule: FileCreate)	"File created:
RuleName: DLL
UtcTime: 2025-05-20 06:07:10.716
ProcessGuid: {2bd09a4a-1c0c-682c-db03-000000002000}
ProcessId: 3028
Image: C:\Windows\system32\cleanmgr.exe
TargetFilename: C:\Users\mohan\AppData\Local\Temp\2E8A35B3-0EBB-4E37-B505-3CF66FAB53B0\DismProv.dll
CreationUtcTime: 2025-05-20 06:07:10.716
User: DESKTOP-L7UOH9E\mohan"
Information	20-05-2025 11:37:10	Microsoft-Windows-Sysmon	11	File created (rule: FileCreate)	"File created:
RuleName: EXE
UtcTime: 2025-05-20 06:07:10.716
ProcessGuid: {2bd09a4a-1c0c-682c-db03-000000002000}
ProcessId: 3028
Image: C:\Windows\system32\cleanmgr.exe
TargetFilename: C:\Users\mohan\AppData\Local\Temp\2E8A35B3-0EBB-4E37-B505-3CF66FAB53B0\DismHost.exe
CreationUtcTime: 2025-05-20 06:07:10.716
User: DESKTOP-L7UOH9E\mohan"
Information	20-05-2025 11:37:10	Microsoft-Windows-Sysmon	11	File created (rule: FileCreate)	"File created:
RuleName: DLL
UtcTime: 2025-05-20 06:07:10.701
ProcessGuid: {2bd09a4a-1c0c-682c-db03-000000002000}
ProcessId: 3028
Image: C:\Windows\system32\cleanmgr.exe
TargetFilename: C:\Users\mohan\AppData\Local\Temp\2E8A35B3-0EBB-4E37-B505-3CF66FAB53B0\DismCorePS.dll
CreationUtcTime: 2025-05-20 06:07:10.701
User: DESKTOP-L7UOH9E\mohan"
Information	20-05-2025 11:37:10	Microsoft-Windows-Sysmon	11	File created (rule: FileCreate)	"File created:
RuleName: DLL
UtcTime: 2025-05-20 06:07:10.701
ProcessGuid: {2bd09a4a-1c0c-682c-db03-000000002000}
ProcessId: 3028
Image: C:\Windows\system32\cleanmgr.exe
TargetFilename: C:\Users\mohan\AppData\Local\Temp\2E8A35B3-0EBB-4E37-B505-3CF66FAB53B0\DismCore.dll
CreationUtcTime: 2025-05-20 06:07:10.701
User: DESKTOP-L7UOH9E\mohan"
Information	20-05-2025 11:37:10	Microsoft-Windows-Sysmon	11	File created (rule: FileCreate)	"File created:
RuleName: DLL
UtcTime: 2025-05-20 06:07:10.701
ProcessGuid: {2bd09a4a-1c0c-682c-db03-000000002000}
ProcessId: 3028
Image: C:\Windows\system32\cleanmgr.exe
TargetFilename: C:\Users\mohan\AppData\Local\Temp\2E8A35B3-0EBB-4E37-B505-3CF66FAB53B0\CbsProvider.dll
CreationUtcTime: 2025-05-20 06:07:10.701
User: DESKTOP-L7UOH9E\mohan"
Information	20-05-2025 11:37:10	Microsoft-Windows-Sysmon	11	File created (rule: FileCreate)	"File created:
RuleName: DLL
UtcTime: 2025-05-20 06:07:10.701
ProcessGuid: {2bd09a4a-1c0c-682c-db03-000000002000}
ProcessId: 3028
Image: C:\Windows\system32\cleanmgr.exe
TargetFilename: C:\Users\mohan\AppData\Local\Temp\2E8A35B3-0EBB-4E37-B505-3CF66FAB53B0\AssocProvider.dll
CreationUtcTime: 2025-05-20 06:07:10.701
User: DESKTOP-L7UOH9E\mohan"
Information	20-05-2025 11:37:10	Microsoft-Windows-Sysmon	11	File created (rule: FileCreate)	"File created:
RuleName: DLL
UtcTime: 2025-05-20 06:07:10.701
ProcessGuid: {2bd09a4a-1c0c-682c-db03-000000002000}
ProcessId: 3028
Image: C:\Windows\system32\cleanmgr.exe
TargetFilename: C:\Users\mohan\AppData\Local\Temp\2E8A35B3-0EBB-4E37-B505-3CF66FAB53B0\AppxProvider.dll
CreationUtcTime: 2025-05-20 06:07:10.701
User: DESKTOP-L7UOH9E\mohan"
Information	20-05-2025 10:29:39	Microsoft-Windows-Sysmon	11	File created (rule: FileCreate)	"File created:
RuleName: -
UtcTime: 2025-05-20 04:59:39.085
ProcessGuid: {2bd09a4a-0c3a-682c-a603-000000002000}
ProcessId: 428
Image: C:\Windows\System32\WindowsPowerShell\v1.0\powershell.exe
TargetFilename: C:\Users\mohan\AppData\Local\Temp\__PSScriptPolicyTest_mo4ngztr.ig1.ps1
CreationUtcTime: 2025-05-20 04:59:39.085
User: DESKTOP-L7UOH9E\mohan"
Information	20-05-2025 10:25:23	Microsoft-Windows-Sysmon	11	File created (rule: FileCreate)	"File created:
RuleName: -
UtcTime: 2025-05-20 04:55:23.659
ProcessGuid: {2bd09a4a-0b3b-682c-9403-000000002000}
ProcessId: 5864
Image: C:\Windows\System32\WindowsPowerShell\v1.0\powershell.exe
TargetFilename: C:\Users\mohan\AppData\Local\Temp\__PSScriptPolicyTest_juuyj3ql.k4v.ps1
CreationUtcTime: 2025-05-20 04:55:23.659
User: DESKTOP-L7UOH9E\mohan"
Information	20-05-2025 10:25:15	Microsoft-Windows-Sysmon	11	File created (rule: FileCreate)	"File created:
RuleName: -
UtcTime: 2025-05-20 04:55:15.852
ProcessGuid: {2bd09a4a-0b33-682c-9103-000000002000}
ProcessId: 5568
Image: C:\Windows\System32\WindowsPowerShell\v1.0\powershell.exe
TargetFilename: C:\Users\mohan\AppData\Local\Temp\__PSScriptPolicyTest_pjmqzp4c.sef.ps1
CreationUtcTime: 2025-05-20 04:55:15.852
User: DESKTOP-L7UOH9E\mohan"
Information	20-05-2025 09:29:57	Microsoft-Windows-Sysmon	11	File created (rule: FileCreate)	"File created:
RuleName: -
UtcTime: 2025-05-20 03:59:57.719
ProcessGuid: {2bd09a4a-fe39-682b-3003-000000002000}
ProcessId: 6972
Image: C:\Windows\system32\notepad.exe
TargetFilename: C:\Windows\System32\brute-force-simulate.ps1
CreationUtcTime: 2025-05-20 03:59:57.719
User: DESKTOP-L7UOH9E\mohan"
Information	20-05-2025 08:44:57	Microsoft-Windows-Sysmon	11	File created (rule: FileCreate)	"File created:
RuleName: DLL
UtcTime: 2025-05-20 03:14:57.682
ProcessGuid: {2bd09a4a-f3b1-682b-0003-000000002000}
ProcessId: 2100
Image: C:\Windows\Microsoft.NET\Framework\v4.0.30319\mscorsvw.exe
TargetFilename: C:\Windows\assembly\NativeImages_v4.0.30319_32\Temp\834-0\SrpUxSnapIn.dll
CreationUtcTime: 2025-05-20 03:14:57.682
User: NT AUTHORITY\SYSTEM"
Information	20-05-2025 08:44:57	Microsoft-Windows-Sysmon	11	File created (rule: FileCreate)	"File created:
RuleName: DLL
UtcTime: 2025-05-20 03:14:57.214
ProcessGuid: {2bd09a4a-f3b0-682b-fe02-000000002000}
ProcessId: 6240
Image: C:\Windows\Microsoft.NET\Framework\v4.0.30319\mscorsvw.exe
TargetFilename: C:\Windows\assembly\NativeImages_v4.0.30319_32\Temp\1860-0\Microsoft.ApplicationId.RuleWizard.dll
CreationUtcTime: 2025-05-20 03:14:57.214
User: NT AUTHORITY\SYSTEM"
Information	20-05-2025 08:44:56	Microsoft-Windows-Sysmon	11	File created (rule: FileCreate)	"File created:
RuleName: DLL
UtcTime: 2025-05-20 03:14:56.807
ProcessGuid: {2bd09a4a-f3b0-682b-fc02-000000002000}
ProcessId: 1876
Image: C:\Windows\Microsoft.NET\Framework\v4.0.30319\mscorsvw.exe
TargetFilename: C:\Windows\assembly\NativeImages_v4.0.30319_32\Temp\754-0\Microsoft.Security.ApplicationId.Wizards.AutomaticRuleGenerationWizard.dll
CreationUtcTime: 2025-05-20 03:14:56.807
User: NT AUTHORITY\SYSTEM"
Information	20-05-2025 08:44:56	Microsoft-Windows-Sysmon	11	File created (rule: FileCreate)	"File created:
RuleName: DLL
UtcTime: 2025-05-20 03:14:56.464
ProcessGuid: {2bd09a4a-f3b0-682b-fa02-000000002000}
ProcessId: 8224
Image: C:\Windows\Microsoft.NET\Framework\v4.0.30319\mscorsvw.exe
TargetFilename: C:\Windows\assembly\NativeImages_v4.0.30319_32\Temp\2020-0\Microsoft.ApplicationId.Framework.dll
CreationUtcTime: 2025-05-20 03:14:56.464
User: NT AUTHORITY\SYSTEM"
Information	20-05-2025 08:44:56	Microsoft-Windows-Sysmon	11	File created (rule: FileCreate)	"File created:
RuleName: DLL
UtcTime: 2025-05-20 03:14:56.120
ProcessGuid: {2bd09a4a-f3af-682b-f802-000000002000}
ProcessId: 7304
Image: C:\Windows\Microsoft.NET\Framework\v4.0.30319\mscorsvw.exe
TargetFilename: C:\Windows\assembly\NativeImages_v4.0.30319_32\Temp\1c88-0\SecurityAuditPoliciesSnapIn.dll
CreationUtcTime: 2025-05-20 03:14:56.120
User: NT AUTHORITY\SYSTEM"
Information	20-05-2025 08:44:55	Microsoft-Windows-Sysmon	11	File created (rule: FileCreate)	"File created:
RuleName: DLL
UtcTime: 2025-05-20 03:14:55.776
ProcessGuid: {2bd09a4a-f3af-682b-f602-000000002000}
ProcessId: 3820
Image: C:\Windows\Microsoft.NET\Framework\v4.0.30319\mscorsvw.exe
TargetFilename: C:\Windows\assembly\NativeImages_v4.0.30319_32\Temp\eec-0\Microsoft.Security.ApplicationId.PolicyManagement.XmlHelper.dll
CreationUtcTime: 2025-05-20 03:14:55.776
User: NT AUTHORITY\SYSTEM"
Information	20-05-2025 08:44:55	Microsoft-Windows-Sysmon	11	File created (rule: FileCreate)	"File created:
RuleName: DLL
UtcTime: 2025-05-20 03:14:55.589
ProcessGuid: {2bd09a4a-f3af-682b-f402-000000002000}
ProcessId: 1308
Image: C:\Windows\Microsoft.NET\Framework\v4.0.30319\mscorsvw.exe
TargetFilename: C:\Windows\assembly\NativeImages_v4.0.30319_32\Temp\51c-0\Microsoft.Security.ApplicationId.PolicyManagement.PolicyManager.dll
CreationUtcTime: 2025-05-20 03:14:55.589
User: NT AUTHORITY\SYSTEM"
Information	20-05-2025 08:44:55	Microsoft-Windows-Sysmon	11	File created (rule: FileCreate)	"File created:
RuleName: DLL
UtcTime: 2025-05-20 03:14:55.167
ProcessGuid: {2bd09a4a-f3ae-682b-f102-000000002000}
ProcessId: 6600
Image: C:\Windows\Microsoft.NET\Framework\v4.0.30319\mscorsvw.exe
TargetFilename: C:\Windows\assembly\NativeImages_v4.0.30319_32\Temp\19c8-0\Microsoft.Security.ApplicationId.PolicyManagement.PolicyModel.dll
CreationUtcTime: 2025-05-20 03:14:55.167
User: NT AUTHORITY\SYSTEM"
Information	20-05-2025 08:44:51	Microsoft-Windows-Sysmon	11	File created (rule: FileCreate)	"File created:
RuleName: DLL
UtcTime: 2025-05-20 03:14:50.995
ProcessGuid: {2bd09a4a-f3aa-682b-d302-000000002000}
ProcessId: 5100
Image: C:\Windows\Microsoft.NET\Framework64\v4.0.30319\mscorsvw.exe
TargetFilename: C:\Windows\assembly\NativeImages_v4.0.30319_64\Temp\13ec-0\SrpUxSnapIn.dll
CreationUtcTime: 2025-05-20 03:14:50.995
User: NT AUTHORITY\SYSTEM"
Information	20-05-2025 08:44:50	Microsoft-Windows-Sysmon	11	File created (rule: FileCreate)	"File created:
RuleName: DLL
UtcTime: 2025-05-20 03:14:50.464
ProcessGuid: {2bd09a4a-f3aa-682b-d102-000000002000}
ProcessId: 7664
Image: C:\Windows\Microsoft.NET\Framework64\v4.0.30319\mscorsvw.exe
TargetFilename: C:\Windows\assembly\NativeImages_v4.0.30319_64\Temp\1df0-0\Microsoft.Security.ApplicationId.PolicyManagement.PolicyEngineApi.Interop.dll
CreationUtcTime: 2025-05-20 03:14:50.464
User: NT AUTHORITY\SYSTEM"
Information	20-05-2025 08:44:50	Microsoft-Windows-Sysmon	11	File created (rule: FileCreate)	"File created:
RuleName: DLL
UtcTime: 2025-05-20 03:14:50.276
ProcessGuid: {2bd09a4a-f3aa-682b-cf02-000000002000}
ProcessId: 1532
Image: C:\Windows\Microsoft.NET\Framework64\v4.0.30319\mscorsvw.exe
TargetFilename: C:\Windows\assembly\NativeImages_v4.0.30319_64\Temp\5fc-0\AuditPolicyGPManagedStubs.Interop.dll
CreationUtcTime: 2025-05-20 03:14:50.276
User: NT AUTHORITY\SYSTEM"
Information	20-05-2025 08:44:50	Microsoft-Windows-Sysmon	11	File created (rule: FileCreate)	"File created:
RuleName: DLL
UtcTime: 2025-05-20 03:14:50.089
ProcessGuid: {2bd09a4a-f3a9-682b-cd02-000000002000}
ProcessId: 1308
Image: C:\Windows\Microsoft.NET\Framework64\v4.0.30319\mscorsvw.exe
TargetFilename: C:\Windows\assembly\NativeImages_v4.0.30319_64\Temp\51c-0\Microsoft.ApplicationId.RuleWizard.dll
CreationUtcTime: 2025-05-20 03:14:50.089
User: NT AUTHORITY\SYSTEM"
Information	20-05-2025 08:44:49	Microsoft-Windows-Sysmon	11	File created (rule: FileCreate)	"File created:
RuleName: DLL
UtcTime: 2025-05-20 03:14:49.682
ProcessGuid: {2bd09a4a-f3a9-682b-cb02-000000002000}
ProcessId: 3812
Image: C:\Windows\Microsoft.NET\Framework64\v4.0.30319\mscorsvw.exe
TargetFilename: C:\Windows\assembly\NativeImages_v4.0.30319_64\Temp\ee4-0\Microsoft.Security.ApplicationId.Wizards.AutomaticRuleGenerationWizard.dll
CreationUtcTime: 2025-05-20 03:14:49.682
User: NT AUTHORITY\SYSTEM"
Information	20-05-2025 08:44:49	Microsoft-Windows-Sysmon	11	File created (rule: FileCreate)	"File created:
RuleName: DLL
UtcTime: 2025-05-20 03:14:49.339
ProcessGuid: {2bd09a4a-f3a9-682b-c902-000000002000}
ProcessId: 7632
Image: C:\Windows\Microsoft.NET\Framework64\v4.0.30319\mscorsvw.exe
TargetFilename: C:\Windows\assembly\NativeImages_v4.0.30319_64\Temp\1dd0-0\Microsoft.ApplicationId.Framework.dll
CreationUtcTime: 2025-05-20 03:14:49.339
User: NT AUTHORITY\SYSTEM"
Information	20-05-2025 08:44:49	Microsoft-Windows-Sysmon	11	File created (rule: FileCreate)	"File created:
RuleName: DLL
UtcTime: 2025-05-20 03:14:49.026
ProcessGuid: {2bd09a4a-f3a8-682b-c702-000000002000}
ProcessId: 6540
Image: C:\Windows\Microsoft.NET\Framework64\v4.0.30319\mscorsvw.exe
TargetFilename: C:\Windows\assembly\NativeImages_v4.0.30319_64\Temp\198c-0\Microsoft.GroupPolicy.Interop.dll
CreationUtcTime: 2025-05-20 03:14:49.026
User: NT AUTHORITY\SYSTEM"
Information	20-05-2025 08:44:48	Microsoft-Windows-Sysmon	11	File created (rule: FileCreate)	"File created:
RuleName: DLL
UtcTime: 2025-05-20 03:14:48.698
ProcessGuid: {2bd09a4a-f3a6-682b-c502-000000002000}
ProcessId: 1160
Image: C:\Windows\Microsoft.NET\Framework64\v4.0.30319\mscorsvw.exe
TargetFilename: C:\Windows\assembly\NativeImages_v4.0.30319_64\Temp\488-0\Microsoft.GroupPolicy.Reporting.dll
CreationUtcTime: 2025-05-20 03:14:48.698
User: NT AUTHORITY\SYSTEM"
Information	20-05-2025 08:44:46	Microsoft-Windows-Sysmon	11	File created (rule: FileCreate)	"File created:
RuleName: DLL
UtcTime: 2025-05-20 03:14:46.348
ProcessGuid: {2bd09a4a-f3a5-682b-c202-000000002000}
ProcessId: 5624
Image: C:\Windows\Microsoft.NET\Framework64\v4.0.30319\mscorsvw.exe
TargetFilename: C:\Windows\assembly\NativeImages_v4.0.30319_64\Temp\15f8-0\Microsoft.GroupPolicy.AdmTmplEditor.dll
CreationUtcTime: 2025-05-20 03:14:46.348
User: NT AUTHORITY\SYSTEM"
Information	20-05-2025 08:44:45	Microsoft-Windows-Sysmon	11	File created (rule: FileCreate)	"File created:
RuleName: DLL
UtcTime: 2025-05-20 03:14:45.707
ProcessGuid: {2bd09a4a-f3a5-682b-c002-000000002000}
ProcessId: 5480
Image: C:\Windows\Microsoft.NET\Framework64\v4.0.30319\mscorsvw.exe
TargetFilename: C:\Windows\assembly\NativeImages_v4.0.30319_64\Temp\1568-0\SecurityAuditPoliciesSnapIn.dll
CreationUtcTime: 2025-05-20 03:14:45.707
User: NT AUTHORITY\SYSTEM"
Information	20-05-2025 08:44:45	Microsoft-Windows-Sysmon	11	File created (rule: FileCreate)	"File created:
RuleName: DLL
UtcTime: 2025-05-20 03:14:45.285
ProcessGuid: {2bd09a4a-f3a5-682b-be02-000000002000}
ProcessId: 2256
Image: C:\Windows\Microsoft.NET\Framework64\v4.0.30319\mscorsvw.exe
TargetFilename: C:\Windows\assembly\NativeImages_v4.0.30319_64\Temp\8d0-0\Microsoft.Security.ApplicationId.PolicyManagement.XmlHelper.dll
CreationUtcTime: 2025-05-20 03:14:45.285
User: NT AUTHORITY\SYSTEM"
Information	20-05-2025 08:44:45	Microsoft-Windows-Sysmon	11	File created (rule: FileCreate)	"File created:
RuleName: DLL
UtcTime: 2025-05-20 03:14:45.098
ProcessGuid: {2bd09a4a-f3a4-682b-bc02-000000002000}
ProcessId: 8524
Image: C:\Windows\Microsoft.NET\Framework64\v4.0.30319\mscorsvw.exe
TargetFilename: C:\Windows\assembly\NativeImages_v4.0.30319_64\Temp\214c-0\Microsoft.Security.ApplicationId.PolicyManagement.PolicyManager.dll
CreationUtcTime: 2025-05-20 03:14:45.098
User: NT AUTHORITY\SYSTEM"
Information	20-05-2025 08:44:44	Microsoft-Windows-Sysmon	11	File created (rule: FileCreate)	"File created:
RuleName: DLL
UtcTime: 2025-05-20 03:14:44.645
ProcessGuid: {2bd09a4a-f3a4-682b-ba02-000000002000}
ProcessId: 8600
Image: C:\Windows\Microsoft.NET\Framework64\v4.0.30319\mscorsvw.exe
TargetFilename: C:\Windows\assembly\NativeImages_v4.0.30319_64\Temp\2198-0\Microsoft.Security.ApplicationId.PolicyManagement.PolicyModel.dll
CreationUtcTime: 2025-05-20 03:14:44.645
User: NT AUTHORITY\SYSTEM"
Information	20-05-2025 08:38:42	Microsoft-Windows-Sysmon	11	File created (rule: FileCreate)	"File created:
RuleName: T1037,T1484
UtcTime: 2025-05-20 03:08:42.782
ProcessGuid: {2bd09a4a-f22c-682b-9d02-000000002000}
ProcessId: 4896
Image: C:\Windows\system32\mmc.exe
TargetFilename: C:\Windows\System32\GroupPolicy\Machine\Scripts\Shutdown
CreationUtcTime: 2025-05-20 03:08:42.782
User: DESKTOP-L7UOH9E\mohan"
Information	20-05-2025 08:38:42	Microsoft-Windows-Sysmon	11	File created (rule: FileCreate)	"File created:
RuleName: T1037,T1484
UtcTime: 2025-05-20 03:08:42.782
ProcessGuid: {2bd09a4a-f22c-682b-9d02-000000002000}
ProcessId: 4896
Image: C:\Windows\system32\mmc.exe
TargetFilename: C:\Windows\System32\GroupPolicy\Machine\Scripts\Startup
CreationUtcTime: 2025-05-20 03:08:42.782
User: DESKTOP-L7UOH9E\mohan"
Information	20-05-2025 08:38:42	Microsoft-Windows-Sysmon	11	File created (rule: FileCreate)	"File created:
RuleName: T1037,T1484
UtcTime: 2025-05-20 03:08:42.782
ProcessGuid: {2bd09a4a-f22c-682b-9d02-000000002000}
ProcessId: 4896
Image: C:\Windows\system32\mmc.exe
TargetFilename: C:\Windows\System32\GroupPolicy\Machine\Scripts
CreationUtcTime: 2025-05-20 03:08:42.782
User: DESKTOP-L7UOH9E\mohan"
Information	20-05-2025 08:37:52	Microsoft-Windows-Sysmon	11	File created (rule: FileCreate)	"File created:
RuleName: DLL
UtcTime: 2025-05-20 03:07:52.496
ProcessGuid: {2bd09a4a-f208-682b-9802-000000002000}
ProcessId: 5656
Image: C:\Windows\system32\Dism.exe
TargetFilename: C:\Users\mohan\AppData\Local\Temp\5ECDB838-5281-4D1D-B4EF-77470420E339\WimProvider.dll
CreationUtcTime: 2025-05-20 03:07:52.496
User: DESKTOP-L7UOH9E\mohan"
Information	20-05-2025 08:37:52	Microsoft-Windows-Sysmon	11	File created (rule: FileCreate)	"File created:
RuleName: DLL
UtcTime: 2025-05-20 03:07:52.496
ProcessGuid: {2bd09a4a-f208-682b-9802-000000002000}
ProcessId: 5656
Image: C:\Windows\system32\Dism.exe
TargetFilename: C:\Users\mohan\AppData\Local\Temp\5ECDB838-5281-4D1D-B4EF-77470420E339\VhdProvider.dll
CreationUtcTime: 2025-05-20 03:07:52.496
User: DESKTOP-L7UOH9E\mohan"
Information	20-05-2025 08:37:52	Microsoft-Windows-Sysmon	11	File created (rule: FileCreate)	"File created:
RuleName: DLL
UtcTime: 2025-05-20 03:07:52.496
ProcessGuid: {2bd09a4a-f208-682b-9802-000000002000}
ProcessId: 5656
Image: C:\Windows\system32\Dism.exe
TargetFilename: C:\Users\mohan\AppData\Local\Temp\5ECDB838-5281-4D1D-B4EF-77470420E339\UnattendProvider.dll
CreationUtcTime: 2025-05-20 03:07:52.496
User: DESKTOP-L7UOH9E\mohan"
Information	20-05-2025 08:37:52	Microsoft-Windows-Sysmon	11	File created (rule: FileCreate)	"File created:
RuleName: DLL
UtcTime: 2025-05-20 03:07:52.496
ProcessGuid: {2bd09a4a-f208-682b-9802-000000002000}
ProcessId: 5656
Image: C:\Windows\system32\Dism.exe
TargetFilename: C:\Users\mohan\AppData\Local\Temp\5ECDB838-5281-4D1D-B4EF-77470420E339\TransmogProvider.dll
CreationUtcTime: 2025-05-20 03:07:52.496
User: DESKTOP-L7UOH9E\mohan"
Information	20-05-2025 08:37:52	Microsoft-Windows-Sysmon	11	File created (rule: FileCreate)	"File created:
RuleName: DLL
UtcTime: 2025-05-20 03:07:52.496
ProcessGuid: {2bd09a4a-f208-682b-9802-000000002000}
ProcessId: 5656
Image: C:\Windows\system32\Dism.exe
TargetFilename: C:\Users\mohan\AppData\Local\Temp\5ECDB838-5281-4D1D-B4EF-77470420E339\SysprepProvider.dll
CreationUtcTime: 2025-05-20 03:07:52.496
User: DESKTOP-L7UOH9E\mohan"
Information	20-05-2025 08:37:52	Microsoft-Windows-Sysmon	11	File created (rule: FileCreate)	"File created:
RuleName: DLL
UtcTime: 2025-05-20 03:07:52.496
ProcessGuid: {2bd09a4a-f208-682b-9802-000000002000}
ProcessId: 5656
Image: C:\Windows\system32\Dism.exe
TargetFilename: C:\Users\mohan\AppData\Local\Temp\5ECDB838-5281-4D1D-B4EF-77470420E339\SmiProvider.dll
CreationUtcTime: 2025-05-20 03:07:52.496
User: DESKTOP-L7UOH9E\mohan"
Information	20-05-2025 08:37:52	Microsoft-Windows-Sysmon	11	File created (rule: FileCreate)	"File created:
RuleName: DLL
UtcTime: 2025-05-20 03:07:52.496
ProcessGuid: {2bd09a4a-f208-682b-9802-000000002000}
ProcessId: 5656
Image: C:\Windows\system32\Dism.exe
TargetFilename: C:\Users\mohan\AppData\Local\Temp\5ECDB838-5281-4D1D-B4EF-77470420E339\SetupPlatformProvider.dll
CreationUtcTime: 2025-05-20 03:07:52.496
User: DESKTOP-L7UOH9E\mohan"
Information	20-05-2025 08:37:52	Microsoft-Windows-Sysmon	11	File created (rule: FileCreate)	"File created:
RuleName: DLL
UtcTime: 2025-05-20 03:07:52.496
ProcessGuid: {2bd09a4a-f208-682b-9802-000000002000}
ProcessId: 5656
Image: C:\Windows\system32\Dism.exe
TargetFilename: C:\Users\mohan\AppData\Local\Temp\5ECDB838-5281-4D1D-B4EF-77470420E339\ProvProvider.dll
CreationUtcTime: 2025-05-20 03:07:52.496
User: DESKTOP-L7UOH9E\mohan"
Information	20-05-2025 08:37:52	Microsoft-Windows-Sysmon	11	File created (rule: FileCreate)	"File created:
RuleName: DLL
UtcTime: 2025-05-20 03:07:52.496
ProcessGuid: {2bd09a4a-f208-682b-9802-000000002000}
ProcessId: 5656
Image: C:\Windows\system32\Dism.exe
TargetFilename: C:\Users\mohan\AppData\Local\Temp\5ECDB838-5281-4D1D-B4EF-77470420E339\OSProvider.dll
CreationUtcTime: 2025-05-20 03:07:52.496
User: DESKTOP-L7UOH9E\mohan"
Information	20-05-2025 08:37:52	Microsoft-Windows-Sysmon	11	File created (rule: FileCreate)	"File created:
RuleName: DLL
UtcTime: 2025-05-20 03:07:52.496
ProcessGuid: {2bd09a4a-f208-682b-9802-000000002000}
ProcessId: 5656
Image: C:\Windows\system32\Dism.exe
TargetFilename: C:\Users\mohan\AppData\Local\Temp\5ECDB838-5281-4D1D-B4EF-77470420E339\OfflineSetupProvider.dll
CreationUtcTime: 2025-05-20 03:07:52.496
User: DESKTOP-L7UOH9E\mohan"
Information	20-05-2025 08:37:52	Microsoft-Windows-Sysmon	11	File created (rule: FileCreate)	"File created:
RuleName: DLL
UtcTime: 2025-05-20 03:07:52.496
ProcessGuid: {2bd09a4a-f208-682b-9802-000000002000}
ProcessId: 5656
Image: C:\Windows\system32\Dism.exe
TargetFilename: C:\Users\mohan\AppData\Local\Temp\5ECDB838-5281-4D1D-B4EF-77470420E339\MsiProvider.dll
CreationUtcTime: 2025-05-20 03:07:52.496
User: DESKTOP-L7UOH9E\mohan"
Information	20-05-2025 08:37:52	Microsoft-Windows-Sysmon	11	File created (rule: FileCreate)	"File created:
RuleName: DLL
UtcTime: 2025-05-20 03:07:52.496
ProcessGuid: {2bd09a4a-f208-682b-9802-000000002000}
ProcessId: 5656
Image: C:\Windows\system32\Dism.exe
TargetFilename: C:\Users\mohan\AppData\Local\Temp\5ECDB838-5281-4D1D-B4EF-77470420E339\LogProvider.dll
CreationUtcTime: 2025-05-20 03:07:52.496
User: DESKTOP-L7UOH9E\mohan"
Information	20-05-2025 08:37:52	Microsoft-Windows-Sysmon	11	File created (rule: FileCreate)	"File created:
RuleName: DLL
UtcTime: 2025-05-20 03:07:52.496
ProcessGuid: {2bd09a4a-f208-682b-9802-000000002000}
ProcessId: 5656
Image: C:\Windows\system32\Dism.exe
TargetFilename: C:\Users\mohan\AppData\Local\Temp\5ECDB838-5281-4D1D-B4EF-77470420E339\IntlProvider.dll
CreationUtcTime: 2025-05-20 03:07:52.496
User: DESKTOP-L7UOH9E\mohan"
Information	20-05-2025 08:37:52	Microsoft-Windows-Sysmon	11	File created (rule: FileCreate)	"File created:
RuleName: DLL
UtcTime: 2025-05-20 03:07:52.496
ProcessGuid: {2bd09a4a-f208-682b-9802-000000002000}
ProcessId: 5656
Image: C:\Windows\system32\Dism.exe
TargetFilename: C:\Users\mohan\AppData\Local\Temp\5ECDB838-5281-4D1D-B4EF-77470420E339\ImagingProvider.dll
CreationUtcTime: 2025-05-20 03:07:52.496
User: DESKTOP-L7UOH9E\mohan"
Information	20-05-2025 08:37:52	Microsoft-Windows-Sysmon	11	File created (rule: FileCreate)	"File created:
RuleName: DLL
UtcTime: 2025-05-20 03:07:52.496
ProcessGuid: {2bd09a4a-f208-682b-9802-000000002000}
ProcessId: 5656
Image: C:\Windows\system32\Dism.exe
TargetFilename: C:\Users\mohan\AppData\Local\Temp\5ECDB838-5281-4D1D-B4EF-77470420E339\IBSProvider.dll
CreationUtcTime: 2025-05-20 03:07:52.496
User: DESKTOP-L7UOH9E\mohan"
Information	20-05-2025 08:37:52	Microsoft-Windows-Sysmon	11	File created (rule: FileCreate)	"File created:
RuleName: DLL
UtcTime: 2025-05-20 03:07:52.496
ProcessGuid: {2bd09a4a-f208-682b-9802-000000002000}
ProcessId: 5656
Image: C:\Windows\system32\Dism.exe
TargetFilename: C:\Users\mohan\AppData\Local\Temp\5ECDB838-5281-4D1D-B4EF-77470420E339\GenericProvider.dll
CreationUtcTime: 2025-05-20 03:07:52.496
User: DESKTOP-L7UOH9E\mohan"
Information	20-05-2025 08:37:52	Microsoft-Windows-Sysmon	11	File created (rule: FileCreate)	"File created:
RuleName: DLL
UtcTime: 2025-05-20 03:07:52.480
ProcessGuid: {2bd09a4a-f208-682b-9802-000000002000}
ProcessId: 5656
Image: C:\Windows\system32\Dism.exe
TargetFilename: C:\Users\mohan\AppData\Local\Temp\5ECDB838-5281-4D1D-B4EF-77470420E339\FolderProvider.dll
CreationUtcTime: 2025-05-20 03:07:52.480
User: DESKTOP-L7UOH9E\mohan"
Information	20-05-2025 08:37:52	Microsoft-Windows-Sysmon	11	File created (rule: FileCreate)	"File created:
RuleName: DLL
UtcTime: 2025-05-20 03:07:52.465
ProcessGuid: {2bd09a4a-f208-682b-9802-000000002000}
ProcessId: 5656
Image: C:\Windows\system32\Dism.exe
TargetFilename: C:\Users\mohan\AppData\Local\Temp\5ECDB838-5281-4D1D-B4EF-77470420E339\FfuProvider.dll
CreationUtcTime: 2025-05-20 03:07:52.465
User: DESKTOP-L7UOH9E\mohan"
Information	20-05-2025 08:37:52	Microsoft-Windows-Sysmon	11	File created (rule: FileCreate)	"File created:
RuleName: DLL
UtcTime: 2025-05-20 03:07:52.449
ProcessGuid: {2bd09a4a-f208-682b-9802-000000002000}
ProcessId: 5656
Image: C:\Windows\system32\Dism.exe
TargetFilename: C:\Users\mohan\AppData\Local\Temp\5ECDB838-5281-4D1D-B4EF-77470420E339\DmiProvider.dll
CreationUtcTime: 2025-05-20 03:07:52.449
User: DESKTOP-L7UOH9E\mohan"
Information	20-05-2025 08:37:52	Microsoft-Windows-Sysmon	11	File created (rule: FileCreate)	"File created:
RuleName: DLL
UtcTime: 2025-05-20 03:07:52.449
ProcessGuid: {2bd09a4a-f208-682b-9802-000000002000}
ProcessId: 5656
Image: C:\Windows\system32\Dism.exe
TargetFilename: C:\Users\mohan\AppData\Local\Temp\5ECDB838-5281-4D1D-B4EF-77470420E339\DismProv.dll
CreationUtcTime: 2025-05-20 03:07:52.449
User: DESKTOP-L7UOH9E\mohan"
Information	20-05-2025 08:37:52	Microsoft-Windows-Sysmon	11	File created (rule: FileCreate)	"File created:
RuleName: EXE
UtcTime: 2025-05-20 03:07:52.449
ProcessGuid: {2bd09a4a-f208-682b-9802-000000002000}
ProcessId: 5656
Image: C:\Windows\system32\Dism.exe
TargetFilename: C:\Users\mohan\AppData\Local\Temp\5ECDB838-5281-4D1D-B4EF-77470420E339\DismHost.exe
CreationUtcTime: 2025-05-20 03:07:52.449
User: DESKTOP-L7UOH9E\mohan"
Information	20-05-2025 08:37:52	Microsoft-Windows-Sysmon	11	File created (rule: FileCreate)	"File created:
RuleName: DLL
UtcTime: 2025-05-20 03:07:52.449
ProcessGuid: {2bd09a4a-f208-682b-9802-000000002000}
ProcessId: 5656
Image: C:\Windows\system32\Dism.exe
TargetFilename: C:\Users\mohan\AppData\Local\Temp\5ECDB838-5281-4D1D-B4EF-77470420E339\DismCorePS.dll
CreationUtcTime: 2025-05-20 03:07:52.449
User: DESKTOP-L7UOH9E\mohan"
Information	20-05-2025 08:37:52	Microsoft-Windows-Sysmon	11	File created (rule: FileCreate)	"File created:
RuleName: DLL
UtcTime: 2025-05-20 03:07:52.449
ProcessGuid: {2bd09a4a-f208-682b-9802-000000002000}
ProcessId: 5656
Image: C:\Windows\system32\Dism.exe
TargetFilename: C:\Users\mohan\AppData\Local\Temp\5ECDB838-5281-4D1D-B4EF-77470420E339\DismCore.dll
CreationUtcTime: 2025-05-20 03:07:52.449
User: DESKTOP-L7UOH9E\mohan"
Information	20-05-2025 08:37:52	Microsoft-Windows-Sysmon	11	File created (rule: FileCreate)	"File created:
RuleName: DLL
UtcTime: 2025-05-20 03:07:52.449
ProcessGuid: {2bd09a4a-f208-682b-9802-000000002000}
ProcessId: 5656
Image: C:\Windows\system32\Dism.exe
TargetFilename: C:\Users\mohan\AppData\Local\Temp\5ECDB838-5281-4D1D-B4EF-77470420E339\CbsProvider.dll
CreationUtcTime: 2025-05-20 03:07:52.449
User: DESKTOP-L7UOH9E\mohan"
Information	20-05-2025 08:37:52	Microsoft-Windows-Sysmon	11	File created (rule: FileCreate)	"File created:
RuleName: DLL
UtcTime: 2025-05-20 03:07:52.449
ProcessGuid: {2bd09a4a-f208-682b-9802-000000002000}
ProcessId: 5656
Image: C:\Windows\system32\Dism.exe
TargetFilename: C:\Users\mohan\AppData\Local\Temp\5ECDB838-5281-4D1D-B4EF-77470420E339\AssocProvider.dll
CreationUtcTime: 2025-05-20 03:07:52.449
User: DESKTOP-L7UOH9E\mohan"
Information	20-05-2025 08:37:52	Microsoft-Windows-Sysmon	11	File created (rule: FileCreate)	"File created:
RuleName: DLL
UtcTime: 2025-05-20 03:07:52.434
ProcessGuid: {2bd09a4a-f208-682b-9802-000000002000}
ProcessId: 5656
Image: C:\Windows\system32\Dism.exe
TargetFilename: C:\Users\mohan\AppData\Local\Temp\5ECDB838-5281-4D1D-B4EF-77470420E339\AppxProvider.dll
CreationUtcTime: 2025-05-20 03:07:52.434
User: DESKTOP-L7UOH9E\mohan"
Information	20-05-2025 08:37:50	Microsoft-Windows-Sysmon	11	File created (rule: FileCreate)	"File created:
RuleName: DLL
UtcTime: 2025-05-20 03:07:50.855
ProcessGuid: {2bd09a4a-f206-682b-9602-000000002000}
ProcessId: 4008
Image: C:\Windows\system32\Dism.exe
TargetFilename: C:\Users\mohan\AppData\Local\Temp\4722E72E-FE86-4D9F-B6FA-D19F2FDC738A\WimProvider.dll
CreationUtcTime: 2025-05-20 03:07:50.855
User: DESKTOP-L7UOH9E\mohan"
Information	20-05-2025 08:37:50	Microsoft-Windows-Sysmon	11	File created (rule: FileCreate)	"File created:
RuleName: DLL
UtcTime: 2025-05-20 03:07:50.855
ProcessGuid: {2bd09a4a-f206-682b-9602-000000002000}
ProcessId: 4008
Image: C:\Windows\system32\Dism.exe
TargetFilename: C:\Users\mohan\AppData\Local\Temp\4722E72E-FE86-4D9F-B6FA-D19F2FDC738A\VhdProvider.dll
CreationUtcTime: 2025-05-20 03:07:50.855
User: DESKTOP-L7UOH9E\mohan"
Information	20-05-2025 08:37:50	Microsoft-Windows-Sysmon	11	File created (rule: FileCreate)	"File created:
RuleName: DLL
UtcTime: 2025-05-20 03:07:50.855
ProcessGuid: {2bd09a4a-f206-682b-9602-000000002000}
ProcessId: 4008
Image: C:\Windows\system32\Dism.exe
TargetFilename: C:\Users\mohan\AppData\Local\Temp\4722E72E-FE86-4D9F-B6FA-D19F2FDC738A\UnattendProvider.dll
CreationUtcTime: 2025-05-20 03:07:50.855
User: DESKTOP-L7UOH9E\mohan"
Information	20-05-2025 08:37:50	Microsoft-Windows-Sysmon	11	File created (rule: FileCreate)	"File created:
RuleName: DLL
UtcTime: 2025-05-20 03:07:50.855
ProcessGuid: {2bd09a4a-f206-682b-9602-000000002000}
ProcessId: 4008
Image: C:\Windows\system32\Dism.exe
TargetFilename: C:\Users\mohan\AppData\Local\Temp\4722E72E-FE86-4D9F-B6FA-D19F2FDC738A\TransmogProvider.dll
CreationUtcTime: 2025-05-20 03:07:50.855
User: DESKTOP-L7UOH9E\mohan"
Information	20-05-2025 08:37:50	Microsoft-Windows-Sysmon	11	File created (rule: FileCreate)	"File created:
RuleName: DLL
UtcTime: 2025-05-20 03:07:50.855
ProcessGuid: {2bd09a4a-f206-682b-9602-000000002000}
ProcessId: 4008
Image: C:\Windows\system32\Dism.exe
TargetFilename: C:\Users\mohan\AppData\Local\Temp\4722E72E-FE86-4D9F-B6FA-D19F2FDC738A\SysprepProvider.dll
CreationUtcTime: 2025-05-20 03:07:50.855
User: DESKTOP-L7UOH9E\mohan"
Information	20-05-2025 08:37:50	Microsoft-Windows-Sysmon	11	File created (rule: FileCreate)	"File created:
RuleName: DLL
UtcTime: 2025-05-20 03:07:50.855
ProcessGuid: {2bd09a4a-f206-682b-9602-000000002000}
ProcessId: 4008
Image: C:\Windows\system32\Dism.exe
TargetFilename: C:\Users\mohan\AppData\Local\Temp\4722E72E-FE86-4D9F-B6FA-D19F2FDC738A\SmiProvider.dll
CreationUtcTime: 2025-05-20 03:07:50.855
User: DESKTOP-L7UOH9E\mohan"
Information	20-05-2025 08:37:50	Microsoft-Windows-Sysmon	11	File created (rule: FileCreate)	"File created:
RuleName: DLL
UtcTime: 2025-05-20 03:07:50.855
ProcessGuid: {2bd09a4a-f206-682b-9602-000000002000}
ProcessId: 4008
Image: C:\Windows\system32\Dism.exe
TargetFilename: C:\Users\mohan\AppData\Local\Temp\4722E72E-FE86-4D9F-B6FA-D19F2FDC738A\SetupPlatformProvider.dll
CreationUtcTime: 2025-05-20 03:07:50.855
User: DESKTOP-L7UOH9E\mohan"
Information	20-05-2025 08:37:50	Microsoft-Windows-Sysmon	11	File created (rule: FileCreate)	"File created:
RuleName: DLL
UtcTime: 2025-05-20 03:07:50.855
ProcessGuid: {2bd09a4a-f206-682b-9602-000000002000}
ProcessId: 4008
Image: C:\Windows\system32\Dism.exe
TargetFilename: C:\Users\mohan\AppData\Local\Temp\4722E72E-FE86-4D9F-B6FA-D19F2FDC738A\ProvProvider.dll
CreationUtcTime: 2025-05-20 03:07:50.855
User: DESKTOP-L7UOH9E\mohan"
Information	20-05-2025 08:37:50	Microsoft-Windows-Sysmon	11	File created (rule: FileCreate)	"File created:
RuleName: DLL
UtcTime: 2025-05-20 03:07:50.855
ProcessGuid: {2bd09a4a-f206-682b-9602-000000002000}
ProcessId: 4008
Image: C:\Windows\system32\Dism.exe
TargetFilename: C:\Users\mohan\AppData\Local\Temp\4722E72E-FE86-4D9F-B6FA-D19F2FDC738A\OSProvider.dll
CreationUtcTime: 2025-05-20 03:07:50.855
User: DESKTOP-L7UOH9E\mohan"
Information	20-05-2025 08:37:50	Microsoft-Windows-Sysmon	11	File created (rule: FileCreate)	"File created:
RuleName: DLL
UtcTime: 2025-05-20 03:07:50.855
ProcessGuid: {2bd09a4a-f206-682b-9602-000000002000}
ProcessId: 4008
Image: C:\Windows\system32\Dism.exe
TargetFilename: C:\Users\mohan\AppData\Local\Temp\4722E72E-FE86-4D9F-B6FA-D19F2FDC738A\OfflineSetupProvider.dll
CreationUtcTime: 2025-05-20 03:07:50.855
User: DESKTOP-L7UOH9E\mohan"
Information	20-05-2025 08:37:50	Microsoft-Windows-Sysmon	11	File created (rule: FileCreate)	"File created:
RuleName: DLL
UtcTime: 2025-05-20 03:07:50.855
ProcessGuid: {2bd09a4a-f206-682b-9602-000000002000}
ProcessId: 4008
Image: C:\Windows\system32\Dism.exe
TargetFilename: C:\Users\mohan\AppData\Local\Temp\4722E72E-FE86-4D9F-B6FA-D19F2FDC738A\MsiProvider.dll
CreationUtcTime: 2025-05-20 03:07:50.855
User: DESKTOP-L7UOH9E\mohan"
Information	20-05-2025 08:37:50	Microsoft-Windows-Sysmon	11	File created (rule: FileCreate)	"File created:
RuleName: DLL
UtcTime: 2025-05-20 03:07:50.855
ProcessGuid: {2bd09a4a-f206-682b-9602-000000002000}
ProcessId: 4008
Image: C:\Windows\system32\Dism.exe
TargetFilename: C:\Users\mohan\AppData\Local\Temp\4722E72E-FE86-4D9F-B6FA-D19F2FDC738A\LogProvider.dll
CreationUtcTime: 2025-05-20 03:07:50.855
User: DESKTOP-L7UOH9E\mohan"
Information	20-05-2025 08:37:50	Microsoft-Windows-Sysmon	11	File created (rule: FileCreate)	"File created:
RuleName: DLL
UtcTime: 2025-05-20 03:07:50.855
ProcessGuid: {2bd09a4a-f206-682b-9602-000000002000}
ProcessId: 4008
Image: C:\Windows\system32\Dism.exe
TargetFilename: C:\Users\mohan\AppData\Local\Temp\4722E72E-FE86-4D9F-B6FA-D19F2FDC738A\IntlProvider.dll
CreationUtcTime: 2025-05-20 03:07:50.855
User: DESKTOP-L7UOH9E\mohan"
